          1 file(s) copied.
          1 file(s) copied.
GameController.obj : error LNK2019: unresolved external symbol __imp_glewInit referenced in function "public: void __cdecl GameController::Initialize(void)" (?Initialize@GameController@@QEAAXXZ)
GameController.obj : error LNK2019: unresolved external symbol glfwTerminate referenced in function "public: void __cdecl GameController::Initialize(void)" (?Initialize@GameController@@QEAAXXZ)
WindowController.obj : error LNK2001: unresolved external symbol glfwTerminate
GameController.obj : error LNK2019: unresolved external symbol glfwWindowShouldClose referenced in function "public: void __cdecl GameController::RunGame(void)" (?RunGame@GameController@@QEAAXXZ)
GameController.obj : error LNK2019: unresolved external symbol glfwPollEvents referenced in function "public: void __cdecl GameController::RunGame(void)" (?RunGame@GameController@@QEAAXXZ)
GameController.obj : error LNK2019: unresolved external symbol glfwSetInputMode referenced in function "public: void __cdecl GameController::Initialize(void)" (?Initialize@GameController@@QEAAXXZ)
GameController.obj : error LNK2019: unresolved external symbol glfwGetKey referenced in function "public: void __cdecl GameController::RunGame(void)" (?RunGame@GameController@@QEAAXXZ)
GameController.obj : error LNK2019: unresolved external symbol glfwSwapBuffers referenced in function "public: void __cdecl GameController::RunGame(void)" (?RunGame@GameController@@QEAAXXZ)
Mesh.obj : error LNK2019: unresolved external symbol __imp___glewBindBuffer referenced in function "public: void __cdecl Mesh::Create(void)" (?Create@Mesh@@QEAAXXZ)
Mesh.obj : error LNK2019: unresolved external symbol __imp___glewBufferData referenced in function "public: void __cdecl Mesh::Create(void)" (?Create@Mesh@@QEAAXXZ)
Mesh.obj : error LNK2019: unresolved external symbol __imp___glewDeleteBuffers referenced in function "public: void __cdecl Mesh::Cleanup(void)" (?Cleanup@Mesh@@QEAAXXZ)
Mesh.obj : error LNK2019: unresolved external symbol __imp___glewGenBuffers referenced in function "public: void __cdecl Mesh::Create(void)" (?Create@Mesh@@QEAAXXZ)
Mesh.obj : error LNK2019: unresolved external symbol __imp___glewDisableVertexAttribArray referenced in function "public: void __cdecl Mesh::Render(void)" (?Render@Mesh@@QEAAXXZ)
Mesh.obj : error LNK2019: unresolved external symbol __imp___glewEnableVertexAttribArray referenced in function "public: void __cdecl Mesh::Render(void)" (?Render@Mesh@@QEAAXXZ)
Mesh.obj : error LNK2019: unresolved external symbol __imp___glewVertexAttribPointer referenced in function "public: void __cdecl Mesh::Render(void)" (?Render@Mesh@@QEAAXXZ)
WindowController.obj : error LNK2019: unresolved external symbol glfwInit referenced in function "public: void __cdecl WindowController::NewWindow(void)" (?NewWindow@WindowController@@QEAAXXZ)
WindowController.obj : error LNK2019: unresolved external symbol glfwWindowHint referenced in function "public: void __cdecl WindowController::NewWindow(void)" (?NewWindow@WindowController@@QEAAXXZ)
WindowController.obj : error LNK2019: unresolved external symbol glfwCreateWindow referenced in function "public: void __cdecl WindowController::NewWindow(void)" (?NewWindow@WindowController@@QEAAXXZ)
WindowController.obj : error LNK2019: unresolved external symbol glfwMakeContextCurrent referenced in function "public: void __cdecl WindowController::NewWindow(void)" (?NewWindow@WindowController@@QEAAXXZ)
C:\Users\Yuval\source\repos\InitOpenGL\\External\glfw-3.3.4\lib-vc2019\glfw3.lib : warning LNK4272: library machine type 'x86' conflicts with target machine type 'x64'
C:\Users\Yuval\source\repos\InitOpenGL\\External\glew-2.1.0\lib\glew32d.lib : warning LNK4272: library machine type 'x86' conflicts with target machine type 'x64'
C:\Users\Yuval\source\repos\InitOpenGL\x64\Debug\OpenGL.exe : fatal error LNK1120: 18 unresolved externals
