c:\users\yuval\source\repos\initopengl\opengl\debug\vc143.pdb
c:\users\yuval\source\repos\initopengl\opengl\debug\.netframework,version=v4.7.2.assemblyattributes.obj
c:\users\yuval\source\repos\initopengl\opengl\debug\windowcontroller.obj
c:\users\yuval\source\repos\initopengl\opengl\debug\toolwindow.obj
c:\users\yuval\source\repos\initopengl\opengl\debug\texture.obj
c:\users\yuval\source\repos\initopengl\opengl\debug\skybox.obj
c:\users\yuval\source\repos\initopengl\opengl\debug\shader.obj
c:\users\yuval\source\repos\initopengl\opengl\debug\resolution.obj
c:\users\yuval\source\repos\initopengl\opengl\debug\mesh.obj
c:\users\yuval\source\repos\initopengl\opengl\debug\main.obj
c:\users\yuval\source\repos\initopengl\opengl\debug\gamecontroller.obj
c:\users\yuval\source\repos\initopengl\opengl\debug\fonts.obj
c:\users\yuval\source\repos\initopengl\opengl\debug\camera.obj
c:\users\yuval\source\repos\initopengl\debug\opengl.exe
c:\users\yuval\source\repos\initopengl\debug\opengl.pdb
c:\users\yuval\source\repos\initopengl\opengl\debug\opengl.tlog\cl.command.1.tlog
c:\users\yuval\source\repos\initopengl\opengl\debug\opengl.tlog\cl.items.tlog
c:\users\yuval\source\repos\initopengl\opengl\debug\opengl.tlog\cl.read.1.tlog
c:\users\yuval\source\repos\initopengl\opengl\debug\opengl.tlog\cl.write.1.tlog
c:\users\yuval\source\repos\initopengl\opengl\debug\opengl.tlog\link.command.1.tlog
c:\users\yuval\source\repos\initopengl\opengl\debug\opengl.tlog\link.read.1.tlog
c:\users\yuval\source\repos\initopengl\opengl\debug\opengl.tlog\link.secondary.1.tlog
c:\users\yuval\source\repos\initopengl\opengl\debug\opengl.tlog\link.write.1.tlog
c:\users\yuval\source\repos\initopengl\opengl\debug\opengl.tlog\metagen.read.1.tlog
c:\users\yuval\source\repos\initopengl\opengl\debug\opengl.tlog\metagen.write.1.tlog
c:\users\yuval\source\repos\initopengl\opengl\debug\opengl.tlog\resgen.command.1.tlog
c:\users\yuval\source\repos\initopengl\opengl\debug\opengl.tlog\resgen.read.1.tlog
c:\users\yuval\source\repos\initopengl\opengl\debug\opengl.tlog\resgen.write.1.tlog
